[2019-10-04 11:35:00.175] [exthost] [info] extension host started
[2019-10-04 11:35:00.184] [exthost] [info] ExtensionService#_doActivateExtension vscode.debug-auto-launch {"startup":true,"activationEvent":"*"}
[2019-10-04 11:35:00.184] [exthost] [info] ExtensionService#loadCommonJSModule /usr/lib/code/extensions/debug-auto-launch/dist/extension
[2019-10-04 11:35:00.190] [exthost] [info] ExtensionService#_doActivateExtension vscode.emmet {"startup":true,"activationEvent":"*"}
[2019-10-04 11:35:00.190] [exthost] [info] ExtensionService#loadCommonJSModule /usr/lib/code/extensions/emmet/dist/extension
[2019-10-04 11:35:00.233] [exthost] [info] ExtensionService#_doActivateExtension vscode.git {"startup":true,"activationEvent":"*"}
[2019-10-04 11:35:00.233] [exthost] [info] ExtensionService#loadCommonJSModule /usr/lib/code/extensions/git/dist/main
[2019-10-04 11:35:00.321] [exthost] [info] ExtensionService#_doActivateExtension vscode.merge-conflict {"startup":true,"activationEvent":"*"}
[2019-10-04 11:35:00.321] [exthost] [info] ExtensionService#loadCommonJSModule /usr/lib/code/extensions/merge-conflict/dist/extension
[2019-10-04 11:35:00.328] [exthost] [info] eager extensions activated
[2019-10-04 11:35:40.493] [exthost] [info] ExtensionService#_doActivateExtension Ikuyadeu.r {"startup":false,"activationEvent":"workspaceContains:*.r|.rd|.rmd"}
[2019-10-04 11:35:40.493] [exthost] [info] ExtensionService#loadCommonJSModule /home/hackerman/.vscode-oss/extensions/ikuyadeu.r-1.1.4/dist/extension
[2019-10-04 11:36:52.123] [exthost] [info] extension host started
[2019-10-04 11:36:52.136] [exthost] [info] ExtensionService#_doActivateExtension vscode.debug-auto-launch {"startup":true,"activationEvent":"*"}
[2019-10-04 11:36:52.136] [exthost] [info] ExtensionService#loadCommonJSModule /usr/lib/code/extensions/debug-auto-launch/dist/extension
[2019-10-04 11:36:52.139] [exthost] [info] ExtensionService#_doActivateExtension vscode.emmet {"startup":true,"activationEvent":"*"}
[2019-10-04 11:36:52.139] [exthost] [info] ExtensionService#loadCommonJSModule /usr/lib/code/extensions/emmet/dist/extension
[2019-10-04 11:36:52.185] [exthost] [info] ExtensionService#_doActivateExtension vscode.git {"startup":true,"activationEvent":"*"}
[2019-10-04 11:36:52.185] [exthost] [info] ExtensionService#loadCommonJSModule /usr/lib/code/extensions/git/dist/main
[2019-10-04 11:36:52.280] [exthost] [info] ExtensionService#_doActivateExtension vscode.merge-conflict {"startup":true,"activationEvent":"*"}
[2019-10-04 11:36:52.280] [exthost] [info] ExtensionService#loadCommonJSModule /usr/lib/code/extensions/merge-conflict/dist/extension
[2019-10-04 11:36:52.973] [exthost] [info] eager extensions activated
[2019-10-04 11:36:55.252] [exthost] [info] ExtensionService#_doActivateExtension Ikuyadeu.r {"startup":false,"activationEvent":"onLanguage:r"}
[2019-10-04 11:36:55.252] [exthost] [info] ExtensionService#loadCommonJSModule /home/hackerman/.vscode-oss/extensions/ikuyadeu.r-1.1.4/dist/extension
[2019-10-04 11:37:30.363] [exthost] [info] ExtensionService#_doActivateExtension vscodevim.vim {"startup":false,"activationEvent":"*"}
[2019-10-04 11:37:30.363] [exthost] [info] ExtensionService#loadCommonJSModule /home/hackerman/.vscode-oss/extensions/vscodevim.vim-1.11.0/out/extension
